
10월 13, 2019 23:45:17.94 NEW SESSION
10월 13, 2019 23:45:17.94 [1013/234517.938:ERROR:crash_report_database_win.cc(428)] unexpected header

10월 15, 2019 19:15:40.82 NEW SESSION
10월 15, 2019 19:15:40.82 [1015/191540.827:ERROR:crash_report_database_win.cc(428)] unexpected header

10월 17, 2019 01:27:41.69 NEW SESSION
10월 17, 2019 01:27:41.69 [1017/012741.689:ERROR:crash_report_database_win.cc(428)] unexpected header
10월 17, 2019 01:30:27.08 [1017/013027.087:ERROR:crash_report_database_win.cc(428)] unexpected header
10월 17, 2019 01:34:46.45 [1017/013446.456:ERROR:crash_report_database_win.cc(428)] unexpected header
10월 17, 2019 01:43:13.28 [1017/014313.283:ERROR:crash_report_database_win.cc(428)] unexpected header
10월 17, 2019 01:56:49.31 [1017/015649.315:ERROR:crash_report_database_win.cc(428)] unexpected header

10월 17, 2019 09:31:56.12 NEW SESSION
10월 17, 2019 09:31:56.12 [1017/093156.128:ERROR:crash_report_database_win.cc(428)] unexpected header
10월 17, 2019 09:38:36.53 [1017/093836.532:ERROR:crash_report_database_win.cc(428)] unexpected header
10월 17, 2019 09:39:44.96 [1017/093944.969:ERROR:crash_report_database_win.cc(428)] unexpected header
10월 17, 2019 10:17:31.34 [1017/101731.342:ERROR:crash_report_database_win.cc(428)] unexpected header
10월 17, 2019 10:45:08.75 [1017/104508.751:ERROR:crash_report_database_win.cc(428)] unexpected header
10월 17, 2019 10:46:46.31 [1017/104646.312:ERROR:crash_report_database_win.cc(428)] unexpected header
10월 17, 2019 10:53:04.93 [1017/105304.934:ERROR:crash_report_database_win.cc(428)] unexpected header
10월 17, 2019 10:55:05.28 [1017/105505.272:ERROR:crash_report_database_win.cc(428)] unexpected header
10월 17, 2019 11:17:34.54 [1017/111734.547:ERROR:crash_report_database_win.cc(428)] unexpected header
10월 17, 2019 11:18:22.89 [1017/111822.894:ERROR:crash_report_database_win.cc(428)] unexpected header
10월 17, 2019 11:41:52.38 [1017/114152.388:ERROR:crash_report_database_win.cc(428)] unexpected header
10월 17, 2019 15:10:11.97 [1017/151011.972:ERROR:crash_report_database_win.cc(428)] unexpected header
10월 17, 2019 15:17:58.91 [1017/151758.911:ERROR:crash_report_database_win.cc(428)] unexpected header
10월 17, 2019 16:15:37.85 [1017/161537.855:ERROR:crash_report_database_win.cc(428)] unexpected header
10월 17, 2019 16:19:13.83 [1017/161913.838:ERROR:crash_report_database_win.cc(428)] unexpected header
10월 17, 2019 16:20:57.05 [1017/162057.055:ERROR:crash_report_database_win.cc(428)] unexpected header
10월 17, 2019 16:24:52.54 [1017/162452.547:ERROR:crash_report_database_win.cc(428)] unexpected header
10월 17, 2019 16:32:34.21 [1017/163234.213:ERROR:crash_report_database_win.cc(428)] unexpected header
10월 17, 2019 16:33:17.95 [1017/163317.953:ERROR:crash_report_database_win.cc(428)] unexpected header
10월 17, 2019 16:34:20.96 [1017/163420.967:ERROR:crash_report_database_win.cc(428)] unexpected header
10월 17, 2019 16:43:58.62 [1017/164358.619:ERROR:crash_report_database_win.cc(428)] unexpected header
10월 17, 2019 16:49:53.24 [1017/164953.242:ERROR:crash_report_database_win.cc(428)] unexpected header
10월 17, 2019 18:14:41.38 [1017/181441.388:ERROR:crash_report_database_win.cc(428)] unexpected header
10월 17, 2019 18:20:55.68 [1017/182055.689:ERROR:crash_report_database_win.cc(428)] unexpected header
10월 17, 2019 18:26:43.04 [1017/182643.043:ERROR:crash_report_database_win.cc(428)] unexpected header
10월 17, 2019 18:28:55.76 [1017/182855.760:ERROR:crash_report_database_win.cc(428)] unexpected header
10월 17, 2019 18:31:45.58 [1017/183145.581:ERROR:crash_report_database_win.cc(428)] unexpected header
10월 17, 2019 18:36:43.43 [1017/183643.436:ERROR:crash_report_database_win.cc(428)] unexpected header
10월 17, 2019 18:39:06.54 [1017/183906.545:ERROR:crash_report_database_win.cc(428)] unexpected header
10월 17, 2019 18:41:39.52 [1017/184139.525:ERROR:crash_report_database_win.cc(428)] unexpected header
10월 17, 2019 18:42:36.29 [1017/184236.299:ERROR:crash_report_database_win.cc(428)] unexpected header
10월 17, 2019 18:43:08.69 [1017/184308.696:ERROR:crash_report_database_win.cc(428)] unexpected header
10월 17, 2019 18:44:12.53 [1017/184412.534:ERROR:crash_report_database_win.cc(428)] unexpected header
10월 17, 2019 18:45:14.81 [1017/184514.816:ERROR:crash_report_database_win.cc(428)] unexpected header
10월 17, 2019 18:46:40.16 [1017/184640.169:ERROR:crash_report_database_win.cc(428)] unexpected header

10월 17, 2019 18:48:15.18 NEW SESSION
10월 17, 2019 18:48:15.18 [1017/184815.187:ERROR:crash_report_database_win.cc(428)] unexpected header
10월 17, 2019 18:48:15.98 [17588:15520:1017/184815.982:ERROR:account_tracker.cc(241)] AccessTokenFetched error: Invalid credentials (credentials rejected by client).
10월 17, 2019 18:50:10.34 [1017/185010.347:ERROR:crash_report_database_win.cc(428)] unexpected header
10월 17, 2019 18:54:59.90 [1017/185459.904:ERROR:crash_report_database_win.cc(428)] unexpected header
10월 17, 2019 18:55:25.05 [1017/185525.051:ERROR:crash_report_database_win.cc(428)] unexpected header
10월 17, 2019 18:55:25.06 [1017/185525.052:ERROR:crash_report_database_win.cc(428)] unexpected header
10월 17, 2019 18:56:07.38 [1017/185607.383:ERROR:crash_report_database_win.cc(428)] unexpected header
10월 17, 2019 18:56:08.12 [18424:19076:1017/185608.121:ERROR:account_tracker.cc(241)] AccessTokenFetched error: Invalid credentials (credentials rejected by client).
10월 17, 2019 18:57:33.09 [18424:15508:1017/185733.091:ERROR:socket_stream.cc(219)] Closing stream with result -2
10월 17, 2019 19:02:34.50 [18424:15508:1017/190234.508:ERROR:connection_factory_impl.cc(418)] Failed to connect to MCS endpoint with error -105
10월 17, 2019 19:06:06.75 [1017/190606.759:ERROR:crash_report_database_win.cc(428)] unexpected header
10월 17, 2019 19:09:46.51 [1017/190946.513:ERROR:crash_report_database_win.cc(428)] unexpected header
10월 17, 2019 19:11:04.98 [1017/191104.979:ERROR:crash_report_database_win.cc(428)] unexpected header
10월 17, 2019 19:11:04.98 [1017/191104.980:ERROR:crash_report_database_win.cc(428)] unexpected header
10월 17, 2019 19:14:34.01 [1017/191434.016:ERROR:crash_report_database_win.cc(428)] unexpected header
10월 17, 2019 19:16:04.97 [1017/191604.977:ERROR:crash_report_database_win.cc(428)] unexpected header
10월 17, 2019 19:18:49.03 [1017/191849.031:ERROR:crash_report_database_win.cc(428)] unexpected header
10월 17, 2019 19:26:26.53 [1017/192626.538:ERROR:crash_report_database_win.cc(428)] unexpected header
10월 17, 2019 19:30:43.68 [1017/193043.689:ERROR:crash_report_database_win.cc(428)] unexpected header
10월 17, 2019 19:30:57.71 [1017/193057.719:ERROR:crash_report_database_win.cc(428)] unexpected header
10월 17, 2019 19:31:04.97 [1017/193104.978:ERROR:crash_report_database_win.cc(428)] unexpected header
10월 17, 2019 19:32:00.84 [1017/193200.840:ERROR:crash_report_database_win.cc(428)] unexpected header
10월 17, 2019 19:33:23.17 [1017/193323.174:ERROR:crash_report_database_win.cc(428)] unexpected header
10월 17, 2019 19:37:56.60 [1017/193756.608:ERROR:crash_report_database_win.cc(428)] unexpected header

10월 17, 2019 20:51:02.32 NEW SESSION
10월 17, 2019 20:51:02.32 [1017/205102.324:ERROR:crash_report_database_win.cc(428)] unexpected header

10월 18, 2019 09:29:50.27 NEW SESSION
10월 18, 2019 09:29:50.27 [1018/092950.275:ERROR:crash_report_database_win.cc(428)] unexpected header
10월 18, 2019 09:29:51.24 [20012:15372:1018/092951.241:ERROR:account_tracker.cc(241)] AccessTokenFetched error: Invalid credentials (credentials rejected by client).
10월 18, 2019 09:29:51.24 [20012:15372:1018/092951.242:ERROR:account_info_fetcher.cc(60)] OnGetTokenFailure: Invalid credentials (credentials rejected by client).
10월 18, 2019 09:39:50.27 [1018/093950.274:ERROR:crash_report_database_win.cc(428)] unexpected header
10월 18, 2019 09:39:50.27 [1018/093950.275:ERROR:crash_report_database_win.cc(428)] unexpected header
10월 18, 2019 09:44:50.27 [1018/094450.276:ERROR:crash_report_database_win.cc(428)] unexpected header
10월 18, 2019 09:59:50.28 [1018/095950.285:ERROR:crash_report_database_win.cc(428)] unexpected header
10월 18, 2019 10:14:50.28 [1018/101450.285:ERROR:crash_report_database_win.cc(428)] unexpected header
10월 18, 2019 10:29:50.29 [1018/102950.297:ERROR:crash_report_database_win.cc(428)] unexpected header
10월 18, 2019 10:44:50.30 [1018/104450.300:ERROR:crash_report_database_win.cc(428)] unexpected header
10월 18, 2019 10:59:50.31 [1018/105950.315:ERROR:crash_report_database_win.cc(428)] unexpected header
10월 18, 2019 11:14:50.31 [1018/111450.315:ERROR:crash_report_database_win.cc(428)] unexpected header
10월 18, 2019 11:18:24.47 [20012:7912:1018/111824.477:ERROR:socket_stream.cc(219)] Closing stream with result -2
10월 18, 2019 11:26:45.27 [20012:7912:1018/112645.271:ERROR:connection_factory_impl.cc(418)] Failed to connect to MCS endpoint with error -21
10월 18, 2019 11:38:04.89 [1018/113804.896:ERROR:crash_report_database_win.cc(428)] unexpected header
10월 18, 2019 11:53:04.89 [1018/115304.897:ERROR:crash_report_database_win.cc(428)] unexpected header
10월 18, 2019 11:58:22.97 [1018/115822.979:ERROR:crash_report_database_win.cc(428)] unexpected header
10월 18, 2019 12:01:28.00 [1018/120128.001:ERROR:crash_report_database_win.cc(428)] unexpected header
10월 18, 2019 12:01:28.53 [7364:14136:1018/120128.532:ERROR:account_tracker.cc(241)] AccessTokenFetched error: Invalid credentials (credentials rejected by client).
10월 18, 2019 12:03:14.60 [1018/120314.609:ERROR:crash_report_database_win.cc(428)] unexpected header
10월 18, 2019 12:03:15.29 [20016:16712:1018/120315.296:ERROR:account_tracker.cc(241)] AccessTokenFetched error: Invalid credentials (credentials rejected by client).
10월 18, 2019 12:05:27.68 [1018/120527.689:ERROR:crash_report_database_win.cc(428)] unexpected header
10월 18, 2019 12:07:56.86 [1018/120756.863:ERROR:crash_report_database_win.cc(428)] unexpected header
10월 18, 2019 12:13:14.61 [1018/121314.611:ERROR:crash_report_database_win.cc(428)] unexpected header
10월 18, 2019 12:13:14.61 [1018/121314.611:ERROR:crash_report_database_win.cc(428)] unexpected header
10월 18, 2019 12:13:55.93 [1018/121355.934:ERROR:crash_report_database_win.cc(428)] unexpected header
10월 18, 2019 12:17:07.92 [1018/121707.921:ERROR:crash_report_database_win.cc(428)] unexpected header
10월 18, 2019 12:17:49.22 [1018/121749.222:ERROR:crash_report_database_win.cc(428)] unexpected header
10월 18, 2019 12:18:14.61 [1018/121814.613:ERROR:crash_report_database_win.cc(428)] unexpected header
10월 18, 2019 12:18:37.36 [1018/121837.360:ERROR:crash_report_database_win.cc(428)] unexpected header
10월 18, 2019 12:26:45.67 [1018/122645.674:ERROR:crash_report_database_win.cc(428)] unexpected header
10월 18, 2019 12:27:56.93 [1018/122756.932:ERROR:crash_report_database_win.cc(428)] unexpected header
10월 18, 2019 12:30:36.81 [1018/123036.816:ERROR:crash_report_database_win.cc(428)] unexpected header
10월 18, 2019 12:33:14.62 [1018/123314.627:ERROR:crash_report_database_win.cc(428)] unexpected header
10월 18, 2019 12:33:47.51 [1018/123347.510:ERROR:crash_report_database_win.cc(428)] unexpected header
10월 18, 2019 12:34:40.86 [1018/123440.861:ERROR:crash_report_database_win.cc(428)] unexpected header
10월 18, 2019 12:41:13.15 [1018/124113.157:ERROR:crash_report_database_win.cc(428)] unexpected header
10월 18, 2019 12:41:13.65 [7744:5692:1018/124113.657:ERROR:account_tracker.cc(241)] AccessTokenFetched error: Invalid credentials (credentials rejected by client).
10월 18, 2019 12:44:02.23 [1018/124402.215:ERROR:crash_report_database_win.cc(428)] unexpected header
10월 18, 2019 12:51:13.16 [1018/125113.160:ERROR:crash_report_database_win.cc(428)] unexpected header
10월 18, 2019 12:51:13.16 [1018/125113.160:ERROR:crash_report_database_win.cc(428)] unexpected header
10월 18, 2019 12:56:13.15 [1018/125613.157:ERROR:crash_report_database_win.cc(428)] unexpected header
10월 18, 2019 13:11:13.16 [1018/131113.159:ERROR:crash_report_database_win.cc(428)] unexpected header
10월 18, 2019 14:46:48.51 [1018/144648.513:ERROR:crash_report_database_win.cc(428)] unexpected header
10월 18, 2019 14:46:49.01 [11064:16584:1018/144649.013:ERROR:account_tracker.cc(241)] AccessTokenFetched error: Invalid credentials (credentials rejected by client).
10월 18, 2019 14:51:57.20 [1018/145157.205:ERROR:crash_report_database_win.cc(428)] unexpected header
10월 18, 2019 14:56:34.55 [1018/145634.558:ERROR:crash_report_database_win.cc(428)] unexpected header
10월 18, 2019 14:56:48.51 [1018/145648.516:ERROR:crash_report_database_win.cc(428)] unexpected header
10월 18, 2019 14:56:48.51 [1018/145648.516:ERROR:crash_report_database_win.cc(428)] unexpected header
10월 18, 2019 14:58:08.45 [1018/145808.454:ERROR:crash_report_database_win.cc(428)] unexpected header
10월 18, 2019 15:01:48.52 [1018/150148.521:ERROR:crash_report_database_win.cc(428)] unexpected header
10월 18, 2019 15:07:15.17 [1018/150715.176:ERROR:crash_report_database_win.cc(428)] unexpected header
10월 18, 2019 15:08:07.26 [1018/150807.263:ERROR:crash_report_database_win.cc(428)] unexpected header
10월 18, 2019 15:11:30.66 [1018/151130.668:ERROR:crash_report_database_win.cc(428)] unexpected header
10월 18, 2019 15:15:16.34 [1018/151516.345:ERROR:crash_report_database_win.cc(428)] unexpected header
10월 18, 2019 15:16:48.52 [1018/151648.521:ERROR:crash_report_database_win.cc(428)] unexpected header
10월 18, 2019 15:31:48.53 [1018/153148.530:ERROR:crash_report_database_win.cc(428)] unexpected header
10월 18, 2019 15:46:48.53 [1018/154648.533:ERROR:crash_report_database_win.cc(428)] unexpected header
10월 18, 2019 16:01:48.54 [1018/160148.543:ERROR:crash_report_database_win.cc(428)] unexpected header
10월 18, 2019 16:16:48.54 [1018/161648.546:ERROR:crash_report_database_win.cc(428)] unexpected header
10월 18, 2019 16:31:18.69 [1018/163118.695:ERROR:crash_report_database_win.cc(428)] unexpected header
10월 18, 2019 16:31:48.54 [1018/163148.548:ERROR:crash_report_database_win.cc(428)] unexpected header
10월 18, 2019 16:32:34.36 [1018/163234.360:ERROR:crash_report_database_win.cc(428)] unexpected header
10월 18, 2019 16:33:31.17 [1018/163331.172:ERROR:crash_report_database_win.cc(428)] unexpected header
10월 18, 2019 16:34:56.06 [1018/163456.062:ERROR:crash_report_database_win.cc(428)] unexpected header
10월 18, 2019 16:35:29.80 [1018/163529.800:ERROR:crash_report_database_win.cc(428)] unexpected header
10월 18, 2019 16:35:29.80 [1018/163529.801:ERROR:crash_report_database_win.cc(428)] unexpected header
10월 18, 2019 16:36:04.29 [1018/163604.293:ERROR:crash_report_database_win.cc(428)] unexpected header
10월 18, 2019 16:38:41.78 [1018/163841.782:ERROR:crash_report_database_win.cc(428)] unexpected header
10월 18, 2019 16:39:46.37 [1018/163946.376:ERROR:crash_report_database_win.cc(428)] unexpected header
10월 18, 2019 16:40:53.55 [1018/164053.558:ERROR:crash_report_database_win.cc(428)] unexpected header
10월 18, 2019 16:42:49.37 [1018/164249.371:ERROR:crash_report_database_win.cc(428)] unexpected header
10월 18, 2019 16:46:48.54 [1018/164648.548:ERROR:crash_report_database_win.cc(428)] unexpected header
10월 18, 2019 16:49:30.24 [1018/164930.230:ERROR:crash_report_database_win.cc(428)] unexpected header
10월 18, 2019 16:50:20.68 [1018/165020.684:ERROR:crash_report_database_win.cc(428)] unexpected header
10월 18, 2019 16:55:04.83 [1018/165504.833:ERROR:crash_report_database_win.cc(428)] unexpected header
10월 18, 2019 16:58:31.46 [1018/165831.464:ERROR:crash_report_database_win.cc(428)] unexpected header
10월 18, 2019 17:01:48.54 [1018/170148.548:ERROR:crash_report_database_win.cc(428)] unexpected header
10월 18, 2019 17:03:37.75 [1018/170337.756:ERROR:crash_report_database_win.cc(428)] unexpected header
10월 18, 2019 17:05:17.19 [1018/170517.193:ERROR:crash_report_database_win.cc(428)] unexpected header
10월 18, 2019 17:05:17.64 [5108:2196:1018/170517.646:ERROR:account_tracker.cc(241)] AccessTokenFetched error: Invalid credentials (credentials rejected by client).
10월 18, 2019 17:07:47.48 [1018/170747.485:ERROR:crash_report_database_win.cc(428)] unexpected header
10월 18, 2019 17:08:20.67 [1018/170820.677:ERROR:crash_report_database_win.cc(428)] unexpected header
10월 18, 2019 17:08:20.68 [1018/170820.677:ERROR:crash_report_database_win.cc(428)] unexpected header
10월 18, 2019 17:08:48.16 [1018/170848.162:ERROR:crash_report_database_win.cc(428)] unexpected header
10월 18, 2019 17:08:48.65 [11124:6072:1018/170848.656:ERROR:account_tracker.cc(241)] AccessTokenFetched error: Invalid credentials (credentials rejected by client).
10월 18, 2019 17:12:32.30 [1018/171232.305:ERROR:crash_report_database_win.cc(428)] unexpected header
10월 18, 2019 17:18:43.22 [1018/171843.228:ERROR:crash_report_database_win.cc(428)] unexpected header
10월 18, 2019 17:18:48.17 [1018/171848.176:ERROR:crash_report_database_win.cc(428)] unexpected header
10월 18, 2019 17:18:48.17 [1018/171848.176:ERROR:crash_report_database_win.cc(428)] unexpected header
10월 18, 2019 17:23:48.17 [1018/172348.171:ERROR:crash_report_database_win.cc(428)] unexpected header
10월 18, 2019 17:38:48.18 [1018/173848.187:ERROR:crash_report_database_win.cc(428)] unexpected header
10월 18, 2019 17:53:48.18 [1018/175348.188:ERROR:crash_report_database_win.cc(428)] unexpected header
10월 18, 2019 19:45:54.62 [1018/194554.620:ERROR:crash_report_database_win.cc(428)] unexpected header
10월 18, 2019 19:55:28.76 [1018/195528.768:ERROR:crash_report_database_win.cc(428)] unexpected header
10월 18, 2019 19:56:49.48 [1018/195649.487:ERROR:crash_report_database_win.cc(428)] unexpected header
10월 18, 2019 19:58:09.70 [1018/195809.702:ERROR:crash_report_database_win.cc(428)] unexpected header
10월 18, 2019 20:01:37.53 [1018/200137.531:ERROR:crash_report_database_win.cc(428)] unexpected header
10월 18, 2019 20:02:37.83 [1018/200237.831:ERROR:crash_report_database_win.cc(428)] unexpected header
10월 18, 2019 20:03:36.20 [1018/200336.202:ERROR:crash_report_database_win.cc(428)] unexpected header
10월 18, 2019 20:03:36.84 [4556:15216:1018/200336.827:ERROR:account_tracker.cc(241)] AccessTokenFetched error: Invalid credentials (credentials rejected by client).
10월 18, 2019 20:08:00.78 [1018/200800.789:ERROR:crash_report_database_win.cc(428)] unexpected header

10월 21, 2019 09:11:19.24 NEW SESSION
10월 21, 2019 09:11:19.24 [1021/091119.246:ERROR:crash_report_database_win.cc(428)] unexpected header
10월 21, 2019 09:11:19.90 [6308:14736:1021/091119.903:ERROR:account_tracker.cc(241)] AccessTokenFetched error: Invalid credentials (credentials rejected by client).
10월 21, 2019 09:11:19.91 [6308:14736:1021/091119.903:ERROR:account_info_fetcher.cc(60)] OnGetTokenFailure: Invalid credentials (credentials rejected by client).
10월 21, 2019 09:36:15.45 [1021/093615.452:ERROR:crash_report_database_win.cc(428)] unexpected header

10월 21, 2019 13:19:05.12 NEW SESSION
10월 21, 2019 13:19:05.12 [1021/131905.118:ERROR:crash_report_database_win.cc(428)] unexpected header
10월 21, 2019 14:26:05.58 [1021/142605.579:ERROR:crash_report_database_win.cc(428)] unexpected header
10월 21, 2019 15:04:00.09 [1021/150400.096:ERROR:crash_report_database_win.cc(428)] unexpected header
10월 21, 2019 15:05:14.92 [1021/150514.925:ERROR:crash_report_database_win.cc(428)] unexpected header
10월 21, 2019 15:05:15.36 [7628:13828:1021/150515.362:ERROR:account_tracker.cc(241)] AccessTokenFetched error: Invalid credentials (credentials rejected by client).
10월 21, 2019 15:28:40.91 [1021/152840.911:ERROR:crash_report_database_win.cc(428)] unexpected header
10월 21, 2019 15:30:01.04 [1021/153001.040:ERROR:crash_report_database_win.cc(428)] unexpected header
10월 21, 2019 15:37:58.99 [1021/153758.993:ERROR:crash_report_database_win.cc(428)] unexpected header
10월 21, 2019 15:51:51.24 [1021/155151.247:ERROR:crash_report_database_win.cc(428)] unexpected header
10월 21, 2019 16:00:00.80 [1021/160000.804:ERROR:crash_report_database_win.cc(428)] unexpected header
10월 21, 2019 16:02:51.43 [1021/160251.432:ERROR:crash_report_database_win.cc(428)] unexpected header
10월 21, 2019 16:09:49.77 [1021/160949.775:ERROR:crash_report_database_win.cc(428)] unexpected header
10월 21, 2019 16:15:53.92 [1021/161553.929:ERROR:crash_report_database_win.cc(428)] unexpected header
10월 21, 2019 16:52:08.52 [1021/165208.527:ERROR:crash_report_database_win.cc(428)] unexpected header
10월 21, 2019 17:01:04.32 [1021/170104.321:ERROR:crash_report_database_win.cc(428)] unexpected header
10월 21, 2019 17:03:59.05 [1021/170359.058:ERROR:crash_report_database_win.cc(428)] unexpected header
10월 21, 2019 17:07:41.74 [1021/170741.743:ERROR:crash_report_database_win.cc(428)] unexpected header
10월 21, 2019 17:15:44.03 [1021/171544.035:ERROR:crash_report_database_win.cc(428)] unexpected header
10월 21, 2019 17:19:07.28 [1021/171907.280:ERROR:crash_report_database_win.cc(428)] unexpected header
10월 21, 2019 17:23:02.90 [1021/172302.906:ERROR:crash_report_database_win.cc(428)] unexpected header
10월 21, 2019 17:25:02.41 [1021/172502.414:ERROR:crash_report_database_win.cc(428)] unexpected header
10월 21, 2019 17:28:07.85 [1021/172807.858:ERROR:crash_report_database_win.cc(428)] unexpected header
10월 21, 2019 17:46:23.75 [1021/174623.757:ERROR:crash_report_database_win.cc(428)] unexpected header
10월 21, 2019 17:49:17.63 [1021/174917.633:ERROR:crash_report_database_win.cc(428)] unexpected header
10월 21, 2019 17:51:01.61 [1021/175101.614:ERROR:crash_report_database_win.cc(428)] unexpected header
10월 21, 2019 17:53:04.56 [1021/175304.563:ERROR:crash_report_database_win.cc(428)] unexpected header
10월 21, 2019 17:56:08.28 [1021/175608.285:ERROR:crash_report_database_win.cc(428)] unexpected header
10월 21, 2019 18:00:37.80 [1021/180037.805:ERROR:crash_report_database_win.cc(428)] unexpected header
10월 21, 2019 18:07:02.34 [1021/180702.343:ERROR:crash_report_database_win.cc(428)] unexpected header
10월 21, 2019 18:10:39.28 [1021/181039.282:ERROR:crash_report_database_win.cc(428)] unexpected header
10월 21, 2019 18:14:08.23 [1021/181408.232:ERROR:crash_report_database_win.cc(428)] unexpected header
10월 21, 2019 18:19:39.08 [1021/181939.083:ERROR:crash_report_database_win.cc(428)] unexpected header
10월 21, 2019 18:29:06.81 [1021/182906.814:ERROR:crash_report_database_win.cc(428)] unexpected header
10월 21, 2019 19:12:53.42 [1021/191253.425:ERROR:crash_report_database_win.cc(428)] unexpected header
10월 21, 2019 19:14:09.72 [1021/191409.727:ERROR:crash_report_database_win.cc(428)] unexpected header
10월 21, 2019 19:15:48.75 [1021/191548.755:ERROR:crash_report_database_win.cc(428)] unexpected header
10월 21, 2019 19:17:06.04 [1021/191706.045:ERROR:crash_report_database_win.cc(428)] unexpected header
10월 21, 2019 19:18:30.89 [1021/191830.899:ERROR:crash_report_database_win.cc(428)] unexpected header
10월 21, 2019 19:20:50.27 [1021/192050.273:ERROR:crash_report_database_win.cc(428)] unexpected header
10월 21, 2019 19:21:33.59 [1021/192133.598:ERROR:crash_report_database_win.cc(428)] unexpected header
10월 21, 2019 19:22:52.50 [1021/192252.503:ERROR:crash_report_database_win.cc(428)] unexpected header
10월 21, 2019 19:23:34.36 [1021/192334.362:ERROR:crash_report_database_win.cc(428)] unexpected header
10월 21, 2019 19:24:58.32 [1021/192458.325:ERROR:crash_report_database_win.cc(428)] unexpected header
10월 21, 2019 19:26:03.58 [1021/192603.585:ERROR:crash_report_database_win.cc(428)] unexpected header
10월 21, 2019 19:33:53.33 [1021/193353.332:ERROR:crash_report_database_win.cc(428)] unexpected header
10월 21, 2019 19:33:53.83 [14924:9760:1021/193353.816:ERROR:account_tracker.cc(241)] AccessTokenFetched error: Invalid credentials (credentials rejected by client).
